2019-12-18 00:03:40,628 - my_app - INFO - Group ID: 50086
2019-12-18 00:03:40,631 - my_app - INFO - Journal Address: vas-prf-group24@journal.dev.archivecloud.net
2019-12-18 00:03:40,631 - my_app - INFO - Server: zdns_archive01.prf01.evc,21433
2019-12-18 00:03:40,631 - my_app - INFO - Database: ArchiveDB
2019-12-18 00:03:40,631 - my_app - INFO - SMTPServer: prf01cavsmtp01
2019-12-18 00:03:40,833 - my_app - INFO - Executing query: python SMTPTool.py -v -m "" "vas-prf-group24@journal.dev.archivecloud.net" "prf01cavsmtp01" -n 25025 -q 200000
2019-12-18 00:05:02,456 - my_app - INFO - Group ID: 50087
2019-12-18 00:05:02,457 - my_app - INFO - Journal Address: vas-prf-group25@journal.dev.archivecloud.net
2019-12-18 00:05:02,457 - my_app - INFO - Server: zdns_archive01.prf01.evc,21433
2019-12-18 00:05:02,461 - my_app - INFO - Database: ArchiveDB
2019-12-18 00:05:02,461 - my_app - INFO - SMTPServer: prf01cavsmtp01
2019-12-18 00:05:02,562 - my_app - INFO - Executing query: python SMTPTool.py -v -m "" "vas-prf-group25@journal.dev.archivecloud.net" "prf01cavsmtp01" -n 25025 -q 200000
2019-12-18 00:05:48,066 - my_app - INFO - Group ID: 50088
2019-12-18 00:05:48,066 - my_app - INFO - Journal Address: vas-prf-group26@journal.dev.archivecloud.net
2019-12-18 00:05:48,067 - my_app - INFO - Server: zdns_archive01.prf01.evc,21433
2019-12-18 00:05:48,067 - my_app - INFO - Database: ArchiveDB
2019-12-18 00:05:48,067 - my_app - INFO - SMTPServer: prf01cavsmtp01
2019-12-18 00:05:48,107 - my_app - INFO - Executing query: python SMTPTool.py -v -m "" "vas-prf-group26@journal.dev.archivecloud.net" "prf01cavsmtp01" -n 25025 -q 200000
2019-12-18 00:06:39,029 - my_app - INFO - Group ID: 50089
2019-12-18 00:06:39,029 - my_app - INFO - Journal Address: vas-prf-group27@journal.dev.archivecloud.net
2019-12-18 00:06:39,029 - my_app - INFO - Server: zdns_archive01.prf01.evc,21433
2019-12-18 00:06:39,030 - my_app - INFO - Database: ArchiveDB
2019-12-18 00:06:39,030 - my_app - INFO - SMTPServer: prf01cavsmtp01
2019-12-18 00:06:39,327 - my_app - INFO - Executing query: python SMTPTool.py -v -m "" "vas-prf-group27@journal.dev.archivecloud.net" "prf01cavsmtp01" -n 25025 -q 200000
2019-12-18 00:06:59,793 - my_app - INFO - Group ID: 50090
2019-12-18 00:06:59,793 - my_app - INFO - Journal Address: vas-prf-group28@journal.dev.archivecloud.net
2019-12-18 00:06:59,793 - my_app - INFO - Server: zdns_archive01.prf01.evc,21433
2019-12-18 00:06:59,794 - my_app - INFO - Database: ArchiveDB
2019-12-18 00:06:59,794 - my_app - INFO - SMTPServer: prf01cavsmtp01
2019-12-18 00:06:59,827 - my_app - INFO - Executing query: python SMTPTool.py -v -m "" "vas-prf-group28@journal.dev.archivecloud.net" "prf01cavsmtp01" -n 25025 -q 200000
2019-12-18 00:07:18,405 - my_app - INFO - Group ID: 50091
2019-12-18 00:07:18,405 - my_app - INFO - Journal Address: vas-prf-group29@journal.dev.archivecloud.net
2019-12-18 00:07:18,406 - my_app - INFO - Server: zdns_archive01.prf01.evc,21433
2019-12-18 00:07:18,406 - my_app - INFO - Database: ArchiveDB
2019-12-18 00:07:18,406 - my_app - INFO - SMTPServer: prf01cavsmtp01
2019-12-18 00:07:18,440 - my_app - INFO - Executing query: python SMTPTool.py -v -m "" "vas-prf-group29@journal.dev.archivecloud.net" "prf01cavsmtp01" -n 25025 -q 200000
2019-12-18 00:07:46,075 - my_app - INFO - Group ID: 50092
2019-12-18 00:07:46,076 - my_app - INFO - Journal Address: vas-prf-group30@journal.dev.archivecloud.net
2019-12-18 00:07:46,076 - my_app - INFO - Server: zdns_archive01.prf01.evc,21433
2019-12-18 00:07:46,076 - my_app - INFO - Database: ArchiveDB
2019-12-18 00:07:46,076 - my_app - INFO - SMTPServer: prf01cavsmtp01
2019-12-18 00:07:46,116 - my_app - INFO - Executing query: python SMTPTool.py -v -m "" "vas-prf-group30@journal.dev.archivecloud.net" "prf01cavsmtp01" -n 25025 -q 200000
2019-12-18 00:08:10,498 - my_app - INFO - Group ID: 50093
2019-12-18 00:08:10,498 - my_app - INFO - Journal Address: vas-prf-group31@journal.dev.archivecloud.net
2019-12-18 00:08:10,498 - my_app - INFO - Server: zdns_archive01.prf01.evc,21433
2019-12-18 00:08:10,498 - my_app - INFO - Database: ArchiveDB
2019-12-18 00:08:10,498 - my_app - INFO - SMTPServer: prf01cavsmtp02
2019-12-18 00:08:10,532 - my_app - INFO - Executing query: python SMTPTool.py -v -m "" "vas-prf-group31@journal.dev.archivecloud.net" "prf01cavsmtp02" -n 25025 -q 200000
2019-12-18 00:08:34,931 - my_app - INFO - Group ID: 50094
2019-12-18 00:08:34,931 - my_app - INFO - Journal Address: vas-prf-group32@journal.dev.archivecloud.net
2019-12-18 00:08:34,931 - my_app - INFO - Server: zdns_archive01.prf01.evc,21433
2019-12-18 00:08:34,931 - my_app - INFO - Database: ArchiveDB
2019-12-18 00:08:34,932 - my_app - INFO - SMTPServer: prf01cavsmtp02
2019-12-18 00:08:34,979 - my_app - INFO - Executing query: python SMTPTool.py -v -m "" "vas-prf-group32@journal.dev.archivecloud.net" "prf01cavsmtp02" -n 25025 -q 200000
2019-12-18 00:09:04,711 - my_app - INFO - Group ID: 50095
2019-12-18 00:09:04,712 - my_app - INFO - Journal Address: vas-prf-group33@journal.dev.archivecloud.net
2019-12-18 00:09:04,712 - my_app - INFO - Server: zdns_archive01.prf01.evc,21433
2019-12-18 00:09:04,712 - my_app - INFO - Database: ArchiveDB
2019-12-18 00:09:04,712 - my_app - INFO - SMTPServer: prf01cavsmtp02
2019-12-18 00:09:04,769 - my_app - INFO - Executing query: python SMTPTool.py -v -m "" "vas-prf-group33@journal.dev.archivecloud.net" "prf01cavsmtp02" -n 25025 -q 200000
2019-12-18 00:09:27,067 - my_app - INFO - Group ID: 50096
2019-12-18 00:09:27,067 - my_app - INFO - Journal Address: vas-prf-group34@journal.dev.archivecloud.net
2019-12-18 00:09:27,067 - my_app - INFO - Server: zdns_archive01.prf01.evc,21433
2019-12-18 00:09:27,067 - my_app - INFO - Database: ArchiveDB
2019-12-18 00:09:27,067 - my_app - INFO - SMTPServer: prf01cavsmtp02
2019-12-18 00:09:27,299 - my_app - INFO - Executing query: python SMTPTool.py -v -m "" "vas-prf-group34@journal.dev.archivecloud.net" "prf01cavsmtp02" -n 25025 -q 200000
2019-12-18 00:09:57,556 - my_app - INFO - Group ID: 50097
2019-12-18 00:09:57,556 - my_app - INFO - Journal Address: vas-prf-group35@journal.dev.archivecloud.net
2019-12-18 00:09:57,556 - my_app - INFO - Server: zdns_archive01.prf01.evc,21433
2019-12-18 00:09:57,556 - my_app - INFO - Database: ArchiveDB
2019-12-18 00:09:57,557 - my_app - INFO - SMTPServer: prf01cavsmtp02
2019-12-18 00:09:57,613 - my_app - INFO - Executing query: python SMTPTool.py -v -m "" "vas-prf-group35@journal.dev.archivecloud.net" "prf01cavsmtp02" -n 25025 -q 200000
2019-12-18 00:10:37,936 - my_app - INFO - Group ID: 50098
2019-12-18 00:10:37,936 - my_app - INFO - Journal Address: vas-prf-group36@journal.dev.archivecloud.net
2019-12-18 00:10:37,936 - my_app - INFO - Server: zdns_archive01.prf01.evc,21433
2019-12-18 00:10:37,936 - my_app - INFO - Database: ArchiveDB
2019-12-18 00:10:37,936 - my_app - INFO - SMTPServer: prf01cavsmtp02
2019-12-18 00:10:37,988 - my_app - INFO - Executing query: python SMTPTool.py -v -m "" "vas-prf-group36@journal.dev.archivecloud.net" "prf01cavsmtp02" -n 25025 -q 200000
2019-12-18 00:32:00,067 - my_app - INFO - Group ID: 50098
2019-12-18 00:32:00,067 - my_app - INFO - Journal Address: vas-prf-group36@journal.dev.archivecloud.net
2019-12-18 00:32:00,067 - my_app - INFO - Server: zdns_archive01.prf01.evc,21433
2019-12-18 00:32:00,067 - my_app - INFO - Database: ArchiveDB
2019-12-18 00:32:00,067 - my_app - INFO - SMTPServer: prf01cavsmtp01
2019-12-18 00:32:00,274 - my_app - INFO - Executing query: python SMTPTool.py -v -m "" "vas-prf-group36@journal.dev.archivecloud.net" "prf01cavsmtp01" -n 25025 -q 1
2019-12-18 00:32:20,601 - my_app - INFO - Group ID: 50098
2019-12-18 00:32:20,601 - my_app - INFO - Journal Address: vas-prf-group36@journal.dev.archivecloud.net
2019-12-18 00:32:20,601 - my_app - INFO - Server: zdns_archive01.prf01.evc,21433
2019-12-18 00:32:20,601 - my_app - INFO - Database: ArchiveDB
2019-12-18 00:32:20,601 - my_app - INFO - SMTPServer: prf01cavsmtp01
2019-12-18 00:32:20,698 - my_app - INFO - Executing query: python SMTPTool.py -v -m "" "vas-prf-group36@journal.dev.archivecloud.net" "prf01cavsmtp01" -n 25025 -q 1
